<?xml version="1.0" encoding="UTF-8"?>
<!-- Generated by org.testng.reporters.JUnitXMLReporter -->
<testsuite hostname="shubhrajit-ThinkPad-T420" ignored="0" name="Default test" tests="1" failures="1" timestamp="21 Jun 2019 12:56:02 GMT" time="64.835" errors="0">
  <testcase name="startPlay" time="57.916" classname="nostraAndroid.Project.Execution_Nostra">
    <failure type="org.openqa.selenium.NoSuchElementException" message="An element could not be located on the page using the given search parameters. (WARNING: The server did not provide any stacktrace information)
Command duration or timeout: 21.97 seconds
For documentation on this error, please visit: http://seleniumhq.org/exceptions/no_such_element.html
Build info: version: &amp;apos;2.53.0&amp;apos;, revision: &amp;apos;35ae25b1534ae328c771e0856c93e187490ca824&amp;apos;, time: &amp;apos;2016-03-15 10:43:46&amp;apos;
System info: host: &amp;apos;shubhrajit-ThinkPad-T420&amp;apos;, ip: &amp;apos;127.0.1.1&amp;apos;, os.name: &amp;apos;Linux&amp;apos;, os.arch: &amp;apos;amd64&amp;apos;, os.version: &amp;apos;4.18.0-21-generic&amp;apos;, java.version: &amp;apos;1.8.0_212&amp;apos;
Driver info: io.appium.java_client.android.AndroidDriver
Capabilities [{app=/home/shubhrajit/git/NostraGamus/NostraGamus/App/NostraStage.apk, appPackage=in.sportscafe.nostragamus.pro, deviceScreenSize=768x1280, networkConnectionEnabled=true, noReset=true, warnings={}, appWaitPackage=in.sportscafe.nostragamus.pro, appWaitActivity=in.sportscafe.nostragamus.module.loginAndAccount.splash.SplashActivity, databaseEnabled=false, deviceName=emulator-5554, version=8.0.0, fullReset=false, platform=LINUX, deviceUDID=emulator-5554, appActivity=in.sportscafe.nostragamus.module.loginAndAccount.splash.SplashActivity, desired={app=/home/shubhrajit/git/NostraGamus/NostraGamus/App/NostraStage.apk, noReset=true, platformName=Android, deviceName=emulator-5554, version=8.0.0, fullReset=false}, platformVersion=8.0.0, webStorageEnabled=false, locationContextEnabled=false, takesScreenshot=true, javascriptEnabled=true, deviceModel=Android SDK built for x86, platformName=Android, deviceManufacturer=Google}]
Session ID: b1da8d15-89aa-406f-b78c-e168a15c4895
*** Element info: {Using=id, value=in.sportscafe.nostragamus.pro:id/prediction_audience_poll_layer_A_1}">
      <![CDATA[org.openqa.selenium.NoSuchElementException: An element could not be located on the page using the given search parameters. (WARNING: The server did not provide any stacktrace information)
Command duration or timeout: 21.97 seconds
For documentation on this error, please visit: http://seleniumhq.org/exceptions/no_such_element.html
Build info: version: '2.53.0', revision: '35ae25b1534ae328c771e0856c93e187490ca824', time: '2016-03-15 10:43:46'
System info: host: 'shubhrajit-ThinkPad-T420', ip: '127.0.1.1', os.name: 'Linux', os.arch: 'amd64', os.version: '4.18.0-21-generic', java.version: '1.8.0_212'
Driver info: io.appium.java_client.android.AndroidDriver
Capabilities [{app=/home/shubhrajit/git/NostraGamus/NostraGamus/App/NostraStage.apk, appPackage=in.sportscafe.nostragamus.pro, deviceScreenSize=768x1280, networkConnectionEnabled=true, noReset=true, warnings={}, appWaitPackage=in.sportscafe.nostragamus.pro, appWaitActivity=in.sportscafe.nostragamus.module.loginAndAccount.splash.SplashActivity, databaseEnabled=false, deviceName=emulator-5554, version=8.0.0, fullReset=false, platform=LINUX, deviceUDID=emulator-5554, appActivity=in.sportscafe.nostragamus.module.loginAndAccount.splash.SplashActivity, desired={app=/home/shubhrajit/git/NostraGamus/NostraGamus/App/NostraStage.apk, noReset=true, platformName=Android, deviceName=emulator-5554, version=8.0.0, fullReset=false}, platformVersion=8.0.0, webStorageEnabled=false, locationContextEnabled=false, takesScreenshot=true, javascriptEnabled=true, deviceModel=Android SDK built for x86, platformName=Android, deviceManufacturer=Google}]
Session ID: b1da8d15-89aa-406f-b78c-e168a15c4895
*** Element info: {Using=id, value=in.sportscafe.nostragamus.pro:id/prediction_audience_poll_layer_A_1}
at sun.reflect.NativeConstructorAccessorImpl.newInstance0(Native Method)
at sun.reflect.NativeConstructorAccessorImpl.newInstance(NativeConstructorAccessorImpl.java:62)
at sun.reflect.DelegatingConstructorAccessorImpl.newInstance(DelegatingConstructorAccessorImpl.java:45)
at java.lang.reflect.Constructor.newInstance(Constructor.java:423)
at org.openqa.selenium.remote.ErrorHandler.createThrowable(ErrorHandler.java:206)
at org.openqa.selenium.remote.ErrorHandler.throwIfResponseFailed(ErrorHandler.java:158)
at org.openqa.selenium.remote.RemoteWebDriver.execute(RemoteWebDriver.java:678)
at io.appium.java_client.DefaultGenericMobileDriver.execute(DefaultGenericMobileDriver.java:40)
at io.appium.java_client.AppiumDriver.execute(AppiumDriver.java:1)
at io.appium.java_client.android.AndroidDriver.execute(AndroidDriver.java:1)
at org.openqa.selenium.remote.RemoteWebDriver.findElement(RemoteWebDriver.java:363)
at io.appium.java_client.DefaultGenericMobileDriver.findElement(DefaultGenericMobileDriver.java:56)
at io.appium.java_client.AppiumDriver.findElement(AppiumDriver.java:1)
at io.appium.java_client.android.AndroidDriver.findElement(AndroidDriver.java:1)
at org.openqa.selenium.remote.RemoteWebDriver.findElementById(RemoteWebDriver.java:413)
at io.appium.java_client.DefaultGenericMobileDriver.findElementById(DefaultGenericMobileDriver.java:64)
at io.appium.java_client.AppiumDriver.findElementById(AppiumDriver.java:1)
at io.appium.java_client.android.AndroidDriver.findElementById(AndroidDriver.java:1)
at nostraAndroid.Project.Repository_NostraPro.joinContets_Nostra(Repository_NostraPro.java:77)
at nostraAndroid.Project.Execution_Nostra.startPlay(Execution_Nostra.java:22)
at sun.reflect.NativeMethodAccessorImpl.invoke0(Native Method)
at sun.reflect.NativeMethodAccessorImpl.invoke(NativeMethodAccessorImpl.java:62)
at sun.reflect.DelegatingMethodAccessorImpl.invoke(DelegatingMethodAccessorImpl.java:43)
at java.lang.reflect.Method.invoke(Method.java:498)
at org.testng.internal.MethodInvocationHelper.invokeMethod(MethodInvocationHelper.java:124)
at org.testng.internal.Invoker.invokeMethod(Invoker.java:583)
at org.testng.internal.Invoker.invokeTestMethod(Invoker.java:719)
at org.testng.internal.Invoker.invokeTestMethods(Invoker.java:989)
at org.testng.internal.TestMethodWorker.invokeTestMethods(TestMethodWorker.java:125)
at org.testng.internal.TestMethodWorker.run(TestMethodWorker.java:109)
at org.testng.TestRunner.privateRun(TestRunner.java:648)
at org.testng.TestRunner.run(TestRunner.java:505)
at org.testng.SuiteRunner.runTest(SuiteRunner.java:455)
at org.testng.SuiteRunner.runSequentially(SuiteRunner.java:450)
at org.testng.SuiteRunner.privateRun(SuiteRunner.java:415)
at org.testng.SuiteRunner.run(SuiteRunner.java:364)
at org.testng.SuiteRunnerWorker.runSuite(SuiteRunnerWorker.java:52)
at org.testng.SuiteRunnerWorker.run(SuiteRunnerWorker.java:84)
at org.testng.TestNG.runSuitesSequentially(TestNG.java:1208)
at org.testng.TestNG.runSuitesLocally(TestNG.java:1137)
at org.testng.TestNG.runSuites(TestNG.java:1049)
at org.testng.TestNG.run(TestNG.java:1017)
at org.testng.remote.AbstractRemoteTestNG.run(AbstractRemoteTestNG.java:115)
at org.testng.remote.RemoteTestNG.initAndRun(RemoteTestNG.java:251)
at org.testng.remote.RemoteTestNG.main(RemoteTestNG.java:77)
]]>
    </failure>
  </testcase> <!-- startPlay -->
</testsuite> <!-- Default test -->
